E:\PROJECTOPENCL_3\PROJECTOPENCL_3\X64\RELEASE\MAIN.OBJ
E:\PROJECTOPENCL_3\PROJECTOPENCL_3\X64\RELEASE\FUNCS.OBJ
E:\PROJECTOPENCL_3\PROJECTOPENCL_3\X64\RELEASE\VC110.PDB
E:\PROJECTOPENCL_3\PROJECTOPENCL_3\X64\RELEASE\PROJECTOPENCL_3.EXE
E:\PROJECTOPENCL_3\PROJECTOPENCL_3\X64\RELEASE\PROJECTOPENCL_3.PDB
E:\ProjectOpenCL_3\ProjectOpenCL_3\x64\Release\funcs.obj
E:\ProjectOpenCL_3\ProjectOpenCL_3\x64\Release\main.obj
E:\ProjectOpenCL_3\ProjectOpenCL_3\x64\Release\cl.command.1.tlog
E:\ProjectOpenCL_3\ProjectOpenCL_3\x64\Release\CL.read.1.tlog
E:\ProjectOpenCL_3\ProjectOpenCL_3\x64\Release\CL.write.1.tlog
E:\ProjectOpenCL_3\ProjectOpenCL_3\x64\Release\link-cvtres.read.1.tlog
E:\ProjectOpenCL_3\ProjectOpenCL_3\x64\Release\link-cvtres.write.1.tlog
E:\ProjectOpenCL_3\ProjectOpenCL_3\x64\Release\link-rc.read.1.tlog
E:\ProjectOpenCL_3\ProjectOpenCL_3\x64\Release\link-rc.write.1.tlog
E:\ProjectOpenCL_3\ProjectOpenCL_3\x64\Release\link.command.1.tlog
E:\ProjectOpenCL_3\ProjectOpenCL_3\x64\Release\link.read.1.tlog
E:\ProjectOpenCL_3\ProjectOpenCL_3\x64\Release\link.write.1.tlog
E:\ProjectOpenCL_3\ProjectOpenCL_3\x64\Release\ProjectOpenCL_3.pdb
E:\ProjectOpenCL_3\ProjectOpenCL_3\x64\Release\vc110.pdb
E:\ProjectOpenCL_3\ProjectOpenCL_3\x64\Release\ProjectOpenCL_3.exe
