Построение начато 16.11.2019 11:34:20.
     1>Проект "E:\ProjectOpenCL_3\ProjectOpenCL_3\ProjectOpenCL_3.vcxproj" в узле 2 (целевые объекты Build).
     1>ClCompile:
         C:\Program Files (x86)\Microsoft Visual Studio 11.0\VC\bin\x86_amd64\CL.exe /c /I"C:\Program Files (x86)\IntelSWTools\OpenCL\sdk\include" /Zi /nologo /W3 /WX- /sdl /Od /D WIN32 /D _DEBUG /D _CONSOLE /D _UNICODE /D UNICODE /Gm /EHsc /RTC1 /MDd /GS /fp:precise /Zc:wchar_t /Zc:forScope /openmp /Fo"x64\Debug\\" /Fd"x64\Debug\vc110.pdb" /Gd /TP /errorReport:prompt funcs.cpp main.cpp
         main.cpp
     1>main.cpp(56): warning C4267: аргумент: преобразование из "size_t" в "int"; возможна потеря данных
     1>main.cpp(58): warning C4267: аргумент: преобразование из "size_t" в "int"; возможна потеря данных
     1>main.cpp(66): warning C4267: аргумент: преобразование из "size_t" в "int"; возможна потеря данных
     1>main.cpp(70): warning C4267: аргумент: преобразование из "size_t" в "int"; возможна потеря данных
     1>main.cpp(79): warning C4267: аргумент: преобразование из "size_t" в "int"; возможна потеря данных
     1>main.cpp(81): warning C4267: аргумент: преобразование из "size_t" в "int"; возможна потеря данных
     1>main.cpp(83): warning C4267: аргумент: преобразование из "size_t" в "int"; возможна потеря данных
     1>main.cpp(85): warning C4267: аргумент: преобразование из "size_t" в "int"; возможна потеря данных
     1>main.cpp(89): warning C4267: аргумент: преобразование из "size_t" в "int"; возможна потеря данных
     1>main.cpp(172): warning C4267: аргумент: преобразование из "size_t" в "int"; возможна потеря данных
     1>main.cpp(174): warning C4267: аргумент: преобразование из "size_t" в "int"; возможна потеря данных
     1>main.cpp(177): warning C4267: аргумент: преобразование из "size_t" в "int"; возможна потеря данных
     1>main.cpp(185): warning C4267: аргумент: преобразование из "size_t" в "int"; возможна потеря данных
     1>main.cpp(191): warning C4267: аргумент: преобразование из "size_t" в "int"; возможна потеря данных
     1>main.cpp(193): warning C4267: аргумент: преобразование из "size_t" в "int"; возможна потеря данных
     1>main.cpp(195): warning C4267: аргумент: преобразование из "size_t" в "int"; возможна потеря данных
     1>main.cpp(197): warning C4267: аргумент: преобразование из "size_t" в "int"; возможна потеря данных
     1>main.cpp(201): warning C4267: аргумент: преобразование из "size_t" в "int"; возможна потеря данных
     1>main.cpp(228): warning C4267: аргумент: преобразование из "size_t" в "int"; возможна потеря данных
     1>main.cpp(232): warning C4267: аргумент: преобразование из "size_t" в "int"; возможна потеря данных
         funcs.cpp
         Создание кода...
       Link:
         C:\Program Files (x86)\Microsoft Visual Studio 11.0\VC\bin\x86_amd64\link.exe /ERRORREPORT:PROMPT /OUT:"E:\ProjectOpenCL_3\ProjectOpenCL_3\x64\Debug\ProjectOpenCL_3.exe" /INCREMENTAL /NOLOGO /LIBPATH:"C:\Program Files (x86)\IntelSWTools\OpenCL\sdk\lib\x64" OpenCL.lib kernel32.lib user32.lib gdi32.lib winspool.lib comdlg32.lib advapi32.lib shell32.lib ole32.lib oleaut32.lib uuid.lib odbc32.lib odbccp32.lib /MANIFEST /MANIFESTUAC:"level='asInvoker' uiAccess='false'" /manifest:embed /DEBUG /PDB:"E:\ProjectOpenCL_3\ProjectOpenCL_3\x64\Debug\ProjectOpenCL_3.pdb" /SUBSYSTEM:CONSOLE /TLBID:1 /DYNAMICBASE /NXCOMPAT /IMPLIB:"E:\ProjectOpenCL_3\ProjectOpenCL_3\x64\Debug\ProjectOpenCL_3.lib" /MACHINE:X64 x64\Debug\funcs.obj
         x64\Debug\main.obj
         ProjectOpenCL_3.vcxproj -> E:\ProjectOpenCL_3\ProjectOpenCL_3\x64\Debug\ProjectOpenCL_3.exe
     1>Построение проекта "E:\ProjectOpenCL_3\ProjectOpenCL_3\ProjectOpenCL_3.vcxproj" завершено (целевые объекты Build).

Построение успешно завершено.

Затраченное время: 00:00:04.08
